/n/local/stage/tophat/tophat_2.0.8/tophat_reports: /lib64/libz.so.1: no version information available (required by /n/local/stage/tophat/tophat_2.0.8/tophat_reports)
tophat_reports v2.0.8 (3864)
---------------------------------------
[samopen] SAM header is present: 13 sequences.
	Loading 2L...done
	Loading 2LHet...done
	Loading 2R...done
	Loading 2RHet...done
	Loading 3L...done
	Loading 3LHet...done
	Loading 3R...done
	Loading 3RHet...done
	Loading 4...done
	Loading X...done
	Loading XHet...done
	Loading YHet...done
	Loading dmel_mitochondrion_genome...done
	Loading ...done
Loaded 57424 GFF junctions from TopHat_aln/Starved4/tmp/Drosophila_melanogaster.juncs.
Loaded 57425 junctions
Reporting final accepted alignments...done.
Printing junction BED track...done
Printing insertions...done
Printing deletions...done
Found 60 junctions from happy spliced reads
