
[2013-05-26 10:37:42] Beginning TopHat run (v2.0.8)
-----------------------------------------------
[2013-05-26 10:37:42] Checking for Bowtie
		  Bowtie version:	 2.1.0.0
[2013-05-26 10:37:43] Checking for Samtools
		Samtools version:	 0.1.18.0
[2013-05-26 10:37:43] Checking for Bowtie index files
[2013-05-26 10:37:43] Checking for Bowtie index files
[2013-05-26 10:37:43] Checking for reference FASTA file
	Warning: Could not find FASTA file /home/mab/Genomes/bowtie_indexes/bwt2/Drosophila_melanogaster.BDGP5.71.min.fa
[2013-05-26 10:37:43] Reconstituting reference FASTA file from Bowtie index
  Executing: /n/local/bin/bowtie2-inspect /home/mab/Genomes/bowtie_indexes/bwt2/Drosophila_melanogaster.BDGP5.71.min > TopHat_aln/Starved3/tmp/Drosophila_melanogaster.BDGP5.71.min.fa
[2013-05-26 10:37:56] Generating SAM header for /home/mab/Genomes/bowtie_indexes/bwt2/Drosophila_melanogaster.BDGP5.71.min
	format:		 fastq
	quality scale:	 phred33 (default)
[2013-05-26 10:37:57] Reading known junctions from GTF file
[2013-05-26 10:38:01] Preparing reads
	 left reads: min. length=50, max. length=50, 1250 kept reads (0 discarded)
[2013-05-26 10:38:01] Using pre-built transcriptome index..
[2013-05-26 10:38:04] Mapping left_kept_reads to transcriptome Drosophila_melanogaster.BDGP5.71.min.tc with Bowtie2 
/n/local/stage/tophat/tophat_2.0.8/bam2fastx: /lib64/libz.so.1: no version information available (required by /n/local/stage/tophat/tophat_2.0.8/bam2fastx)
/n/local/stage/tophat/tophat_2.0.8/fix_map_ordering: /lib64/libz.so.1: no version information available (required by /n/local/stage/tophat/tophat_2.0.8/fix_map_ordering)
[2013-05-26 10:38:09] Resuming TopHat pipeline with unmapped reads
[2013-05-26 10:38:09] Mapping left_kept_reads.m2g_um to genome Drosophila_melanogaster.BDGP5.71.min with Bowtie2 
/n/local/stage/tophat/tophat_2.0.8/bam2fastx: /lib64/libz.so.1: no version information available (required by /n/local/stage/tophat/tophat_2.0.8/bam2fastx)
/n/local/stage/tophat/tophat_2.0.8/fix_map_ordering: /lib64/libz.so.1: no version information available (required by /n/local/stage/tophat/tophat_2.0.8/fix_map_ordering)
/n/local/stage/tophat/tophat_2.0.8/bam2fastx: /lib64/libz.so.1: no version information available (required by /n/local/stage/tophat/tophat_2.0.8/bam2fastx)
[2013-05-26 10:38:10] Mapping left_kept_reads.m2g_um_seg1 to genome Drosophila_melanogaster.BDGP5.71.min with Bowtie2 (1/2)
/n/local/stage/tophat/tophat_2.0.8/fix_map_ordering: /lib64/libz.so.1: no version information available (required by /n/local/stage/tophat/tophat_2.0.8/fix_map_ordering)
[2013-05-26 10:38:11] Mapping left_kept_reads.m2g_um_seg2 to genome Drosophila_melanogaster.BDGP5.71.min with Bowtie2 (2/2)
/n/local/stage/tophat/tophat_2.0.8/fix_map_ordering: /lib64/libz.so.1: no version information available (required by /n/local/stage/tophat/tophat_2.0.8/fix_map_ordering)
[2013-05-26 10:38:12] Searching for junctions via segment mapping
	[FAILED]
Error: segment-based junction search failed with err =1
Error: cannot open TopHat_aln/Starved3/tmp/left_kept_reads.bam for reading

